[debug] [2025-11-13T02:40:46.814Z] ----------------------------------------------------------------------
[debug] [2025-11-13T02:40:46.816Z] Command:       C:\Program Files\nodejs\node.exe C:\Users\jkm08\AppData\Roaming\npm\node_modules\firebase-tools\lib\bin\firebase.js init
[debug] [2025-11-13T02:40:46.816Z] CLI Version:   14.4.0
[debug] [2025-11-13T02:40:46.816Z] Platform:      win32
[debug] [2025-11-13T02:40:46.817Z] Node Version:  v22.17.1
[debug] [2025-11-13T02:40:46.817Z] Time:          Thu Nov 13 2025 11:40:46 GMT+0900 (대한민국 표준시)
[debug] [2025-11-13T02:40:46.817Z] ----------------------------------------------------------------------
[debug] 
[debug] [2025-11-13T02:40:46.818Z] >>> [apiv2][query] GET https://firebase-public.firebaseio.com/cli.json [none]
[debug] [2025-11-13T02:40:46.977Z] > command requires scopes: ["email","openid","https://www.googleapis.com/auth/cloudplatformprojects.readonly","https://www.googleapis.com/auth/firebase","https://www.googleapis.com/auth/cloud-platform"]
[debug] [2025-11-13T02:40:46.978Z] > authorizing via signed-in user (jkm0831123@gmail.com)
[info] 
     ######## #### ########  ######## ########     ###     ######  ########
     ##        ##  ##     ## ##       ##     ##  ##   ##  ##       ##
     ######    ##  ########  ######   ########  #########  ######  ######
     ##        ##  ##    ##  ##       ##     ## ##     ##       ## ##
     ##       #### ##     ## ######## ########  ##     ##  ######  ########

You're about to initialize a Firebase project in this directory:

  C:\Users\jkm08\OneDrive\바탕 화면\회사홈페이지\naran_app

Before we get started, keep in mind:

  * You are initializing within an existing Firebase project directory

[debug] [2025-11-13T02:40:47.456Z] <<< [apiv2][status] GET https://firebase-public.firebaseio.com/cli.json 200
[debug] [2025-11-13T02:40:47.456Z] <<< [apiv2][body] GET https://firebase-public.firebaseio.com/cli.json {"cloudBuildErrorAfter":1594252800000,"cloudBuildWarnAfter":1590019200000,"defaultNode10After":1594252800000,"minVersion":"3.0.5","node8DeploysDisabledAfter":1613390400000,"node8RuntimeDisabledAfter":1615809600000,"node8WarnAfter":1600128000000}
